#
# There is insufficient memory for the Java Runtime Environment to continue.
# Native memory allocation (malloc) failed to allocate 1100336 bytes. Error detail: Chunk::new
# Possible reasons:
#   The system is out of physical RAM or swap space
#   This process is running with CompressedOops enabled, and the Java Heap may be blocking the growth of the native heap
# Possible solutions:
#   Reduce memory load on the system
#   Increase physical memory or swap space
#   Check if swap backing store is full
#   Decrease Java heap size (-Xmx/-Xms)
#   Decrease number of Java threads
#   Decrease Java thread stack sizes (-Xss)
#   Set larger code cache with -XX:ReservedCodeCacheSize=
#   JVM is running with Unscaled Compressed Oops mode in which the Java heap is
#     placed in the first 4GB address space. The Java Heap base address is the
#     maximum limit for the native heap growth. Please use -XX:HeapBaseMinAddress
#     to set the Java Heap base and to place the Java Heap above 4GB virtual address.
# This output file may be truncated or incomplete.
#
#  Out of Memory Error (arena.cpp:168), pid=6440, tid=14064
#
# JRE version: OpenJDK Runtime Environment (21.0.7) (build 21.0.7+-13880790-b1038.58)
# Java VM: OpenJDK 64-Bit Server VM (21.0.7+-13880790-b1038.58, mixed mode, tiered, compressed oops, compressed class ptrs, g1 gc, windows-amd64)
# No core dump will be written. Minidumps are not enabled by default on client versions of Windows
#

---------------  S U M M A R Y ------------

Command Line: --add-opens=java.base/java.lang=ALL-UNNAMED --add-opens=java.base/java.lang.invoke=ALL-UNNAMED --add-opens=java.base/java.util=ALL-UNNAMED --add-opens=java.prefs/java.util.prefs=ALL-UNNAMED --add-exports=jdk.compiler/com.sun.tools.javac.api=ALL-UNNAMED --add-exports=jdk.compiler/com.sun.tools.javac.util=ALL-UNNAMED --add-opens=java.base/java.util=ALL-UNNAMED --add-opens=java.prefs/java.util.prefs=ALL-UNNAMED --add-opens=java.base/java.nio.charset=ALL-UNNAMED --add-opens=java.base/java.net=ALL-UNNAMED --add-opens=java.base/java.util.concurrent.atomic=ALL-UNNAMED --add-opens=java.xml/javax.xml.namespace=ALL-UNNAMED -Xmx2048m -Dfile.encoding=UTF-8 -Duser.country=PL -Duser.language=pl -Duser.variant -javaagent:C:\Users\Damian\.gradle\wrapper\dists\gradle-8.13-bin\5xuhj0ry160q40clulazy9h7d\gradle-8.13\lib\agents\gradle-instrumentation-agent-8.13.jar org.gradle.launcher.daemon.bootstrap.GradleDaemon 8.13

Host: AMD Ryzen 7 4800H with Radeon Graphics         , 16 cores, 23G,  Windows 11 , 64 bit Build 26100 (10.0.26100.5074)
Time: Fri Sep 12 20:25:42 2025  Windows 11 , 64 bit Build 26100 (10.0.26100.5074) elapsed time: 11.384795 seconds (0d 0h 0m 11s)

---------------  T H R E A D  ---------------

Current thread (0x000002402289c6e0):  JavaThread "C2 CompilerThread1" daemon [_thread_in_native, id=14064, stack(0x0000008ff8b00000,0x0000008ff8c00000) (1024K)]


Current CompileTask:
C2:11384 5308       4       java.lang.invoke.MethodType::makeImpl (109 bytes)

Stack: [0x0000008ff8b00000,0x0000008ff8c00000]
Native frames: (J=compiled Java code, j=interpreted, Vv=VM code, C=native code)
V  [jvm.dll+0x6d25c9]
V  [jvm.dll+0x860923]
V  [jvm.dll+0x862e7e]
V  [jvm.dll+0x863563]
V  [jvm.dll+0x27f156]
V  [jvm.dll+0xc002d]
V  [jvm.dll+0xc0563]
V  [jvm.dll+0x2f31f0]
V  [jvm.dll+0x5fc309]
V  [jvm.dll+0x250f82]
V  [jvm.dll+0x25133f]
V  [jvm.dll+0x249ae5]
V  [jvm.dll+0x24733e]
V  [jvm.dll+0x1c5fb4]
V  [jvm.dll+0x256bac]
V  [jvm.dll+0x2550f6]
V  [jvm.dll+0x3f1d16]
V  [jvm.dll+0x808d08]
V  [jvm.dll+0x6d0e1d]
C  [ucrtbase.dll+0x37b0]
C  [KERNEL32.DLL+0x2e8d7]
C  [ntdll.dll+0x8d9c]


---------------  P R O C E S S  ---------------

Threads class SMR info:
_java_thread_list=0x000002401f214de0, length=47, elements={
0x000002407f8afb80, 0x0000024019000ab0, 0x0000024019026740, 0x00000240190536e0,
0x0000024019056590, 0x0000024019055150, 0x0000024019036600, 0x0000024019037060,
0x0000024019037ac0, 0x0000024019038560, 0x00000240182ab280, 0x00000240182ab930,
0x00000240194b8130, 0x00000240195c0b70, 0x000002401f202e50, 0x000002401f31fdf0,
0x000002401f2d1c60, 0x000002401f56c850, 0x000002401f56d6a0, 0x000002401f484680,
0x000002401f29f1e0, 0x000002401f29e4c0, 0x000002401f29de30, 0x000002401f29eb50,
0x000002401f29c3f0, 0x000002401f29ca80, 0x000002401f29bd60, 0x000002401f29d7a0,
0x0000024020799550, 0x000002402079a270, 0x000002402079a900, 0x000002402079af90,
0x000002402079b620, 0x0000024020798830, 0x000002402079c340, 0x0000024020799be0,
0x0000024020798ec0, 0x000002402079e410, 0x000002402079c9d0, 0x000002402079d060,
0x000002402079fe50, 0x000002402079eaa0, 0x000002402289c6e0, 0x000002402079f7c0,
0x000002402079d6f0, 0x000002402079dd80, 0x00000240247548d0
}

Java Threads: ( => current thread )
  0x000002407f8afb80 JavaThread "main"                              [_thread_blocked, id=11376, stack(0x0000008ff4c00000,0x0000008ff4d00000) (1024K)]
  0x0000024019000ab0 JavaThread "Common-Cleaner"             daemon [_thread_blocked, id=20588, stack(0x0000008ff5400000,0x0000008ff5500000) (1024K)]
  0x0000024019026740 JavaThread "Reference Handler"          daemon [_thread_blocked, id=22024, stack(0x0000008ff5500000,0x0000008ff5600000) (1024K)]
  0x00000240190536e0 JavaThread "Finalizer"                  daemon [_thread_blocked, id=7368, stack(0x0000008ff5600000,0x0000008ff5700000) (1024K)]
  0x0000024019056590 JavaThread "Signal Dispatcher"          daemon [_thread_blocked, id=13252, stack(0x0000008ff5700000,0x0000008ff5800000) (1024K)]
  0x0000024019055150 JavaThread "Attach Listener"            daemon [_thread_blocked, id=6024, stack(0x0000008ff5800000,0x0000008ff5900000) (1024K)]
  0x0000024019036600 JavaThread "Service Thread"             daemon [_thread_blocked, id=20644, stack(0x0000008ff5900000,0x0000008ff5a00000) (1024K)]
  0x0000024019037060 JavaThread "Monitor Deflation Thread"   daemon [_thread_blocked, id=19324, stack(0x0000008ff5a00000,0x0000008ff5b00000) (1024K)]
  0x0000024019037ac0 JavaThread "C2 CompilerThread0"         daemon [_thread_blocked, id=24684, stack(0x0000008ff5b00000,0x0000008ff5c00000) (1024K)]
  0x0000024019038560 JavaThread "C1 CompilerThread0"         daemon [_thread_blocked, id=21736, stack(0x0000008ff5c00000,0x0000008ff5d00000) (1024K)]
  0x00000240182ab280 JavaThread "C1 CompilerThread1"         daemon [_thread_blocked, id=4628, stack(0x0000008ff5d00000,0x0000008ff5e00000) (1024K)]
  0x00000240182ab930 JavaThread "C1 CompilerThread2"         daemon [_thread_blocked, id=21912, stack(0x0000008ff5e00000,0x0000008ff5f00000) (1024K)]
  0x00000240194b8130 JavaThread "Notification Thread"        daemon [_thread_blocked, id=24348, stack(0x0000008ff5f00000,0x0000008ff6000000) (1024K)]
  0x00000240195c0b70 JavaThread "C1 CompilerThread3"         daemon [_thread_blocked, id=23236, stack(0x0000008ff6200000,0x0000008ff6300000) (1024K)]
  0x000002401f202e50 JavaThread "Daemon health stats"               [_thread_blocked, id=22280, stack(0x0000008ff6a00000,0x0000008ff6b00000) (1024K)]
  0x000002401f31fdf0 JavaThread "Incoming local TCP Connector on port 53646"        [_thread_in_native, id=16264, stack(0x0000008ff6c00000,0x0000008ff6d00000) (1024K)]
  0x000002401f2d1c60 JavaThread "Daemon periodic checks"            [_thread_blocked, id=5176, stack(0x0000008ff6d00000,0x0000008ff6e00000) (1024K)]
  0x000002401f56c850 JavaThread "Daemon"                            [_thread_blocked, id=23268, stack(0x0000008ff6e00000,0x0000008ff6f00000) (1024K)]
  0x000002401f56d6a0 JavaThread "Handler for socket connection from /127.0.0.1:53646 to /127.0.0.1:53647"        [_thread_in_native, id=22324, stack(0x0000008ff6f00000,0x0000008ff7000000) (1024K)]
  0x000002401f484680 JavaThread "Cancel handler"                    [_thread_blocked, id=17676, stack(0x0000008ff7000000,0x0000008ff7100000) (1024K)]
  0x000002401f29f1e0 JavaThread "Daemon worker"                     [_thread_blocked, id=10612, stack(0x0000008ff7100000,0x0000008ff7200000) (1024K)]
  0x000002401f29e4c0 JavaThread "Asynchronous log dispatcher for DefaultDaemonConnection: socket connection from /127.0.0.1:53646 to /127.0.0.1:53647"        [_thread_blocked, id=24832, stack(0x0000008ff7200000,0x0000008ff7300000) (1024K)]
  0x000002401f29de30 JavaThread "Stdin handler"                     [_thread_blocked, id=21104, stack(0x0000008ff7300000,0x0000008ff7400000) (1024K)]
  0x000002401f29eb50 JavaThread "Daemon client event forwarder"        [_thread_blocked, id=13836, stack(0x0000008ff7400000,0x0000008ff7500000) (1024K)]
  0x000002401f29c3f0 JavaThread "Cache worker for journal cache (C:\Users\Damian\.gradle\caches\journal-1)"        [_thread_blocked, id=2680, stack(0x0000008ff6100000,0x0000008ff6200000) (1024K)]
  0x000002401f29ca80 JavaThread "File lock request listener"        [_thread_in_native, id=472, stack(0x0000008ff7b00000,0x0000008ff7c00000) (1024K)]
  0x000002401f29bd60 JavaThread "Cache worker for file hash cache (C:\Users\Damian\.gradle\caches\8.13\fileHashes)"        [_thread_in_native, id=23848, stack(0x0000008ff7c00000,0x0000008ff7d00000) (1024K)]
  0x000002401f29d7a0 JavaThread "Cache worker for file hash cache (C:\Users\Damian\AndroidStudioProjects\PlanerWyprawyDoMordoru\.gradle\8.13\fileHashes)"        [_thread_blocked, id=19668, stack(0x0000008ff7f00000,0x0000008ff8000000) (1024K)]
  0x0000024020799550 JavaThread "Cache worker for Build Output Cleanup Cache (C:\Users\Damian\AndroidStudioProjects\PlanerWyprawyDoMordoru\.gradle\buildOutputCleanup)"        [_thread_blocked, id=20660, stack(0x0000008ff8000000,0x0000008ff8100000) (1024K)]
  0x000002402079a270 JavaThread "File watcher server"        daemon [_thread_in_native, id=14204, stack(0x0000008ff8100000,0x0000008ff8200000) (1024K)]
  0x000002402079a900 JavaThread "File watcher consumer"      daemon [_thread_blocked, id=11340, stack(0x0000008ff8200000,0x0000008ff8300000) (1024K)]
  0x000002402079af90 JavaThread "jar transforms"                    [_thread_blocked, id=23376, stack(0x0000008ff7d00000,0x0000008ff7e00000) (1024K)]
  0x000002402079b620 JavaThread "jar transforms Thread 2"           [_thread_blocked, id=21340, stack(0x0000008ff7e00000,0x0000008ff7f00000) (1024K)]
  0x0000024020798830 JavaThread "Cache worker for checksums cache (C:\Users\Damian\AndroidStudioProjects\PlanerWyprawyDoMordoru\.gradle\8.13\checksums)"        [_thread_blocked, id=24692, stack(0x0000008ff8600000,0x0000008ff8700000) (1024K)]
  0x000002402079c340 JavaThread "Cache worker for file content cache (C:\Users\Damian\.gradle\caches\8.13\fileContent)"        [_thread_blocked, id=21360, stack(0x0000008ff8700000,0x0000008ff8800000) (1024K)]
  0x0000024020799be0 JavaThread "jar transforms Thread 3"           [_thread_blocked, id=6604, stack(0x0000008ff8800000,0x0000008ff8900000) (1024K)]
  0x0000024020798ec0 JavaThread "Cache worker for cache directory md-supplier (C:\Users\Damian\.gradle\caches\8.13\md-supplier)"        [_thread_blocked, id=9128, stack(0x0000008ff6000000,0x0000008ff6100000) (1024K)]
  0x000002402079e410 JavaThread "Cache worker for cache directory md-rule (C:\Users\Damian\.gradle\caches\8.13\md-rule)"        [_thread_blocked, id=20720, stack(0x0000008ff8300000,0x0000008ff8400000) (1024K)]
  0x000002402079c9d0 JavaThread "Unconstrained build operations"        [_thread_blocked, id=21168, stack(0x0000008ff8400000,0x0000008ff8500000) (1024K)]
  0x000002402079d060 JavaThread "Unconstrained build operations Thread 2"        [_thread_blocked, id=23016, stack(0x0000008ff8500000,0x0000008ff8600000) (1024K)]
  0x000002402079fe50 JavaThread "Unconstrained build operations Thread 3"        [_thread_blocked, id=3112, stack(0x0000008ff8900000,0x0000008ff8a00000) (1024K)]
  0x000002402079eaa0 JavaThread "Unconstrained build operations Thread 4"        [_thread_blocked, id=23672, stack(0x0000008ff8a00000,0x0000008ff8b00000) (1024K)]
=>0x000002402289c6e0 JavaThread "C2 CompilerThread1"         daemon [_thread_in_native, id=14064, stack(0x0000008ff8b00000,0x0000008ff8c00000) (1024K)]
  0x000002402079f7c0 JavaThread "Unconstrained build operations Thread 5"        [_thread_blocked, id=24228, stack(0x0000008ff8c00000,0x0000008ff8d00000) (1024K)]
  0x000002402079d6f0 JavaThread "Unconstrained build operations Thread 6"        [_thread_in_Java, id=15716, stack(0x0000008ff8d00000,0x0000008ff8e00000) (1024K)]
  0x000002402079dd80 JavaThread "Unconstrained build operations Thread 7"        [_thread_blocked, id=7060, stack(0x0000008ff8e00000,0x0000008ff8f00000) (1024K)]
  0x00000240247548d0 JavaThread "Unconstrained build operations Thread 8"        [_thread_blocked, id=20400, stack(0x0000008ff8f00000,0x0000008ff9000000) (1024K)]
Total: 47

Other Threads:
  0x00000240182eeb40 VMThread "VM Thread"                           [id=25296, stack(0x0000008ff5300000,0x0000008ff5400000) (1024K)]
  0x0000024018f7ca00 WatcherThread "VM Periodic Task Thread"        [id=25488, stack(0x0000008ff5200000,0x0000008ff5300000) (1024K)]
  0x000002407f907470 WorkerThread "GC Thread#0"                     [id=5660, stack(0x0000008ff4d00000,0x0000008ff4e00000) (1024K)]
  0x0000024019939670 WorkerThread "GC Thread#1"                     [id=1696, stack(0x0000008ff6300000,0x0000008ff6400000) (1024K)]
  0x0000024019942150 WorkerThread "GC Thread#2"                     [id=22432, stack(0x0000008ff6400000,0x0000008ff6500000) (1024K)]
  0x0000024019992260 WorkerThread "GC Thread#3"                     [id=20748, stack(0x0000008ff6500000,0x0000008ff6600000) (1024K)]
  0x0000024019992600 WorkerThread "GC Thread#4"                     [id=21664, stack(0x0000008ff6600000,0x0000008ff6700000) (1024K)]
  0x00000240196c6ee0 WorkerThread "GC Thread#5"                     [id=21192, stack(0x0000008ff6700000,0x0000008ff6800000) (1024K)]
  0x00000240196c7680 WorkerThread "GC Thread#6"                     [id=21288, stack(0x0000008ff6800000,0x0000008ff6900000) (1024K)]
  0x0000024019671f90 WorkerThread "GC Thread#7"                     [id=24764, stack(0x0000008ff6900000,0x0000008ff6a00000) (1024K)]
  0x000002401f30ac50 WorkerThread "GC Thread#8"                     [id=4784, stack(0x0000008ff6b00000,0x0000008ff6c00000) (1024K)]
  0x000002401f289ee0 WorkerThread "GC Thread#9"                     [id=25124, stack(0x0000008ff7500000,0x0000008ff7600000) (1024K)]
  0x000002401f28a280 WorkerThread "GC Thread#10"                    [id=17248, stack(0x0000008ff7600000,0x0000008ff7700000) (1024K)]
  0x000002401f545d90 WorkerThread "GC Thread#11"                    [id=23700, stack(0x0000008ff7700000,0x0000008ff7800000) (1024K)]
  0x000002401f546130 WorkerThread "GC Thread#12"                    [id=14096, stack(0x0000008ff7800000,0x0000008ff7900000) (1024K)]
  0x000002407f918360 ConcurrentGCThread "G1 Main Marker"            [id=19368, stack(0x0000008ff4e00000,0x0000008ff4f00000) (1024K)]
  0x000002407f91abc0 WorkerThread "G1 Conc#0"                       [id=18840, stack(0x0000008ff4f00000,0x0000008ff5000000) (1024K)]
  0x000002401f5464d0 WorkerThread "G1 Conc#1"                       [id=25240, stack(0x0000008ff7900000,0x0000008ff7a00000) (1024K)]
  0x000002401f544b70 WorkerThread "G1 Conc#2"                       [id=22380, stack(0x0000008ff7a00000,0x0000008ff7b00000) (1024K)]
  0x000002401825c220 ConcurrentGCThread "G1 Refine#0"               [id=11368, stack(0x0000008ff5000000,0x0000008ff5100000) (1024K)]
  0x000002401825da50 ConcurrentGCThread "G1 Service"                [id=1284, stack(0x0000008ff5100000,0x0000008ff5200000) (1024K)]
Total: 21

Threads with active compile tasks:
C1 CompilerThread1  11446 5510       3       org.gradle.internal.snapshot.VfsRelativePath::compareToFirstSegment (203 bytes)
C2 CompilerThread1  11446 5308       4       java.lang.invoke.MethodType::makeImpl (109 bytes)
Total: 2

VM state: not at safepoint (normal execution)

VM Mutex/Monitor currently owned by a thread: None

Heap address: 0x0000000080000000, size: 2048 MB, Compressed Oops mode: 32-bit

CDS archive(s) not mapped
Compressed class space mapped at: 0x0000000100000000-0x0000000140000000, reserved size: 1073741824
Narrow klass base: 0x0000000000000000, Narrow klass shift: 3, Narrow klass range: 0x140000000

GC Precious Log:
 CardTable entry size: 512
 Card Set container configuration: InlinePtr #cards 5 size 8 Array Of Cards #cards 12 size 40 Howl #buckets 4 coarsen threshold 1843 Howl Bitmap #cards 512 size 80 coarsen threshold 460 Card regions per heap region 1 cards per card region 2048
 CPUs: 16 total, 16 available
 Memory: 23933M
 Large Page Support: Disabled
 NUMA Support: Disabled
 Compressed Oops: Enabled (32-bit)
 Heap Region Size: 1M
 Heap Min Capacity: 8M
 Heap Initial Capacity: 374M
 Heap Max Capacity: 2G
 Pre-touch: Disabled
 Parallel Workers: 13
 Concurrent Workers: 3
 Concurrent Refinement Workers: 13
 Periodic GC: Disabled

Heap:
 garbage-first heap   total 71680K, used 58447K [0x0000000080000000, 0x0000000100000000)
  region size 1024K, 27 young (27648K), 4 survivors (4096K)
 Metaspace       used 55535K, committed 56960K, reserved 1114112K
  class space    used 7639K, committed 8320K, reserved 1048576K

Heap Regions: E=young(eden), S=young(survivor), O=old, HS=humongous(starts), HC=humongous(continues), CS=collection set, F=free, TAMS=top-at-mark-start, PB=parsable bottom
|   0|0x0000000080000000, 0x0000000080100000, 0x0000000080100000|100%|HS|  |TAMS 0x0000000080000000| PB 0x0000000080000000| Complete 
|   1|0x0000000080100000, 0x0000000080200000, 0x0000000080200000|100%|HC|  |TAMS 0x0000000080100000| PB 0x0000000080100000| Complete 
|   2|0x0000000080200000, 0x0000000080300000, 0x0000000080300000|100%|HC|  |TAMS 0x0000000080200000| PB 0x0000000080200000| Complete 
|   3|0x0000000080300000, 0x0000000080400000, 0x0000000080400000|100%| O|  |TAMS 0x0000000080300000| PB 0x0000000080300000| Untracked 
|   4|0x0000000080400000, 0x0000000080500000, 0x0000000080500000|100%| O|  |TAMS 0x0000000080400000| PB 0x0000000080400000| Untracked 
|   5|0x0000000080500000, 0x0000000080600000, 0x0000000080600000|100%| O|  |TAMS 0x0000000080500000| PB 0x0000000080500000| Untracked 
|   6|0x0000000080600000, 0x0000000080700000, 0x0000000080700000|100%|HS|  |TAMS 0x0000000080600000| PB 0x0000000080600000| Complete 
|   7|0x0000000080700000, 0x0000000080800000, 0x0000000080800000|100%| O|  |TAMS 0x0000000080700000| PB 0x0000000080700000| Untracked 
|   8|0x0000000080800000, 0x0000000080900000, 0x0000000080900000|100%| O|  |TAMS 0x0000000080800000| PB 0x0000000080800000| Untracked 
|   9|0x0000000080900000, 0x0000000080a00000, 0x0000000080a00000|100%| O|  |TAMS 0x0000000080900000| PB 0x0000000080900000| Untracked 
|  10|0x0000000080a00000, 0x0000000080b00000, 0x0000000080b00000|100%| O|  |TAMS 0x0000000080a00000| PB 0x0000000080a00000| Untracked 
|  11|0x0000000080b00000, 0x0000000080c00000, 0x0000000080c00000|100%| O|  |TAMS 0x0000000080b00000| PB 0x0000000080b00000| Untracked 
|  12|0x0000000080c00000, 0x0000000080d00000, 0x0000000080d00000|100%| O|  |TAMS 0x0000000080c00000| PB 0x0000000080c00000| Untracked 
|  13|0x0000000080d00000, 0x0000000080e00000, 0x0000000080e00000|100%| O|  |TAMS 0x0000000080d00000| PB 0x0000000080d00000| Untracked 
|  14|0x0000000080e00000, 0x0000000080f00000, 0x0000000080f00000|100%| O|  |TAMS 0x0000000080e00000| PB 0x0000000080e00000| Untracked 
|  15|0x0000000080f00000, 0x0000000081000000, 0x0000000081000000|100%| O|  |TAMS 0x0000000080f00000| PB 0x0000000080f00000| Untracked 
|  16|0x0000000081000000, 0x0000000081100000, 0x0000000081100000|100%| O|  |TAMS 0x0000000081000000| PB 0x0000000081000000| Untracked 
|  17|0x0000000081100000, 0x0000000081200000, 0x0000000081200000|100%| O|  |TAMS 0x0000000081100000| PB 0x0000000081100000| Untracked 
|  18|0x0000000081200000, 0x0000000081300000, 0x0000000081300000|100%| O|  |TAMS 0x0000000081200000| PB 0x0000000081200000| Untracked 
|  19|0x0000000081300000, 0x0000000081400000, 0x0000000081400000|100%| O|  |TAMS 0x0000000081300000| PB 0x0000000081300000| Untracked 
|  20|0x0000000081400000, 0x0000000081500000, 0x0000000081500000|100%| O|  |TAMS 0x0000000081400000| PB 0x0000000081400000| Untracked 
|  21|0x0000000081500000, 0x0000000081600000, 0x0000000081600000|100%| O|  |TAMS 0x0000000081500000| PB 0x0000000081500000| Untracked 
|  22|0x0000000081600000, 0x0000000081700000, 0x0000000081700000|100%| O|  |TAMS 0x0000000081600000| PB 0x0000000081600000| Untracked 
|  23|0x0000000081700000, 0x0000000081800000, 0x0000000081800000|100%| O|  |TAMS 0x0000000081700000| PB 0x0000000081700000| Untracked 
|  24|0x0000000081800000, 0x0000000081900000, 0x0000000081900000|100%| O|  |TAMS 0x0000000081800000| PB 0x0000000081800000| Untracked 
|  25|0x0000000081900000, 0x0000000081a00000, 0x0000000081a00000|100%| O|  |TAMS 0x0000000081900000| PB 0x0000000081900000| Untracked 
|  26|0x0000000081a00000, 0x0000000081a51b40, 0x0000000081b00000| 31%| O|  |TAMS 0x0000000081a00000| PB 0x0000000081a00000| Untracked 
|  27|0x0000000081b00000, 0x0000000081b00000, 0x0000000081c00000|  0%| F|  |TAMS 0x0000000081b00000| PB 0x0000000081b00000| Untracked 
|  28|0x0000000081c00000, 0x0000000081c00000, 0x0000000081d00000|  0%| F|  |TAMS 0x0000000081c00000| PB 0x0000000081c00000| Untracked 
|  29|0x0000000081d00000, 0x0000000081dc2198, 0x0000000081e00000| 75%| S|CS|TAMS 0x0000000081d00000| PB 0x0000000081d00000| Complete 
|  30|0x0000000081e00000, 0x0000000081f00000, 0x0000000081f00000|100%| O|  |TAMS 0x0000000081e00000| PB 0x0000000081e00000| Untracked 
|  31|0x0000000081f00000, 0x0000000082000000, 0x0000000082000000|100%| O|  |TAMS 0x0000000081f00000| PB 0x0000000081f00000| Untracked 
|  32|0x0000000082000000, 0x0000000082100000, 0x0000000082100000|100%| O|  |TAMS 0x0000000082000000| PB 0x0000000082000000| Untracked 
|  33|0x0000000082100000, 0x0000000082200000, 0x0000000082200000|100%| O|  |TAMS 0x0000000082100000| PB 0x0000000082100000| Untracked 
|  34|0x0000000082200000, 0x0000000082300000, 0x0000000082300000|100%| O|  |TAMS 0x0000000082200000| PB 0x0000000082200000| Untracked 
|  35|0x0000000082300000, 0x0000000082400000, 0x0000000082400000|100%| S|CS|TAMS 0x0000000082300000| PB 0x0000000082300000| Complete 
|  36|0x0000000082400000, 0x0000000082400000, 0x0000000082500000|  0%| F|  |TAMS 0x0000000082400000| PB 0x0000000082400000| Untracked 
|  37|0x0000000082500000, 0x0000000082500000, 0x0000000082600000|  0%| F|  |TAMS 0x0000000082500000| PB 0x0000000082500000| Untracked 
|  38|0x0000000082600000, 0x0000000082600000, 0x0000000082700000|  0%| F|  |TAMS 0x0000000082600000| PB 0x0000000082600000| Untracked 
|  39|0x0000000082700000, 0x0000000082800000, 0x0000000082800000|100%| S|CS|TAMS 0x0000000082700000| PB 0x0000000082700000| Complete 
|  40|0x0000000082800000, 0x0000000082900000, 0x0000000082900000|100%| S|CS|TAMS 0x0000000082800000| PB 0x0000000082800000| Complete 
|  41|0x0000000082900000, 0x0000000082900000, 0x0000000082a00000|  0%| F|  |TAMS 0x0000000082900000| PB 0x0000000082900000| Untracked 
|  42|0x0000000082a00000, 0x0000000082a00000, 0x0000000082b00000|  0%| F|  |TAMS 0x0000000082a00000| PB 0x0000000082a00000| Untracked 
|  43|0x0000000082b00000, 0x0000000082b00000, 0x0000000082c00000|  0%| F|  |TAMS 0x0000000082b00000| PB 0x0000000082b00000| Untracked 
|  44|0x0000000082c00000, 0x0000000082c00000, 0x0000000082d00000|  0%| F|  |TAMS 0x0000000082c00000| PB 0x0000000082c00000| Untracked 
|  45|0x0000000082d00000, 0x0000000082d00000, 0x0000000082e00000|  0%| F|  |TAMS 0x0000000082d00000| PB 0x0000000082d00000| Untracked 
|  46|0x0000000082e00000, 0x0000000082e00000, 0x0000000082f00000|  0%| F|  |TAMS 0x0000000082e00000| PB 0x0000000082e00000| Untracked 
|  47|0x0000000082f00000, 0x0000000082f6c8a0, 0x0000000083000000| 42%| E|  |TAMS 0x0000000082f00000| PB 0x0000000082f00000| Complete 
|  48|0x0000000083000000, 0x0000000083100000, 0x0000000083100000|100%| E|CS|TAMS 0x0000000083000000| PB 0x0000000083000000| Complete 
|  49|0x0000000083100000, 0x0000000083200000, 0x0000000083200000|100%| E|CS|TAMS 0x0000000083100000| PB 0x0000000083100000| Complete 
|  50|0x0000000083200000, 0x0000000083300000, 0x0000000083300000|100%| E|CS|TAMS 0x0000000083200000| PB 0x0000000083200000| Complete 
|  51|0x0000000083300000, 0x0000000083400000, 0x0000000083400000|100%| E|CS|TAMS 0x0000000083300000| PB 0x0000000083300000| Complete 
|  52|0x0000000083400000, 0x0000000083500000, 0x0000000083500000|100%| E|CS|TAMS 0x0000000083400000| PB 0x0000000083400000| Complete 
|  53|0x0000000083500000, 0x0000000083600000, 0x0000000083600000|100%| E|CS|TAMS 0x0000000083500000| PB 0x0000000083500000| Complete 
|  54|0x0000000083600000, 0x0000000083700000, 0x0000000083700000|100%| E|CS|TAMS 0x0000000083600000| PB 0x0000000083600000| Complete 
|  55|0x0000000083700000, 0x0000000083800000, 0x0000000083800000|100%| E|CS|TAMS 0x0000000083700000| PB 0x0000000083700000| Complete 
|  56|0x0000000083800000, 0x0000000083900000, 0x0000000083900000|100%| E|CS|TAMS 0x0000000083800000| PB 0x0000000083800000| Complete 
|  57|0x0000000083900000, 0x0000000083a00000, 0x0000000083a00000|100%| E|CS|TAMS 0x0000000083900000| PB 0x0000000083900000| Complete 
|  58|0x0000000083a00000, 0x0000000083b00000, 0x0000000083b00000|100%| E|CS|TAMS 0x0000000083a00000| PB 0x0000000083a00000| Complete 
| 343|0x0000000095700000, 0x0000000095800000, 0x0000000095800000|100%| E|CS|TAMS 0x0000000095700000| PB 0x0000000095700000| Complete 
| 344|0x0000000095800000, 0x0000000095900000, 0x0000000095900000|100%| E|CS|TAMS 0x0000000095800000| PB 0x0000000095800000| Complete 
| 345|0x0000000095900000, 0x0000000095a00000, 0x0000000095a00000|100%| E|CS|TAMS 0x0000000095900000| PB 0x0000000095900000| Complete 
| 346|0x0000000095a00000, 0x0000000095b00000, 0x0000000095b00000|100%| E|CS|TAMS 0x0000000095a00000| PB 0x0000000095a00000| Complete 
| 347|0x0000000095b00000, 0x0000000095c00000, 0x0000000095c00000|100%| E|CS|TAMS 0x0000000095b00000| PB 0x0000000095b00000| Complete 
| 348|0x0000000095c00000, 0x0000000095d00000, 0x0000000095d00000|100%| E|CS|TAMS 0x0000000095c00000| PB 0x0000000095c00000| Complete 
| 349|0x0000000095d00000, 0x0000000095e00000, 0x0000000095e00000|100%| E|CS|TAMS 0x0000000095d00000| PB 0x0000000095d00000| Complete 
| 350|0x0000000095e00000, 0x0000000095f00000, 0x0000000095f00000|100%| E|CS|TAMS 0x0000000095e00000| PB 0x0000000095e00000| Complete 
| 351|0x0000000095f00000, 0x0000000096000000, 0x0000000096000000|100%| E|CS|TAMS 0x0000000095f00000| PB 0x0000000095f00000| Complete 
| 352|0x0000000096000000, 0x0000000096100000, 0x0000000096100000|100%| E|CS|TAMS 0x0000000096000000| PB 0x0000000096000000| Complete 
| 373|0x0000000097500000, 0x0000000097600000, 0x0000000097600000|100%| E|CS|TAMS 0x0000000097500000| PB 0x0000000097500000| Complete 

Card table byte_map: [0x0000024013ac0000,0x0000024013ec0000] _byte_map_base: 0x00000240136c0000

Marking Bits: (CMBitMap*) 0x000002407f907a80
 Bits: [0x0000024013ec0000, 0x0000024015ec0000)

Polling page: 0x000002407eb30000

Metaspace:

Usage:
  Non-class:     46.77 MB used.
      Class:      7.46 MB used.
       Both:     54.23 MB used.

Virtual space:
  Non-class space:       64.00 MB reserved,      47.50 MB ( 74%) committed,  1 nodes.
      Class space:        1.00 GB reserved,       8.12 MB ( <1%) committed,  1 nodes.
             Both:        1.06 GB reserved,      55.62 MB (  5%) committed. 

Chunk freelists:
   Non-Class:  15.83 MB
       Class:  7.72 MB
        Both:  23.55 MB

MaxMetaspaceSize: unlimited
CompressedClassSpaceSize: 1.00 GB
Initial GC threshold: 21.00 MB
Current GC threshold: 58.88 MB
CDS: off
 - commit_granule_bytes: 65536.
 - commit_granule_words: 8192.
 - virtual_space_node_default_size: 8388608.
 - enlarge_chunks_in_place: 1.
 - use_allocation_guard: 0.


Internal statistics:

num_allocs_failed_limit: 6.
num_arena_births: 2664.
num_arena_deaths: 0.
num_vsnodes_births: 2.
num_vsnodes_deaths: 0.
num_space_committed: 890.
num_space_uncommitted: 0.
num_chunks_returned_to_freelist: 6.
num_chunks_taken_from_freelist: 4854.
num_chunk_merges: 6.
num_chunk_splits: 3112.
num_chunks_enlarged: 1881.
num_inconsistent_stats: 0.

CodeHeap 'non-profiled nmethods': size=119168Kb used=3032Kb max_used=3032Kb free=116135Kb
 bounds [0x000002400c040000, 0x000002400c340000, 0x00000240134a0000]
CodeHeap 'profiled nmethods': size=119104Kb used=9850Kb max_used=9850Kb free=109253Kb
 bounds [0x00000240044a0000, 0x0000024004e40000, 0x000002400b8f0000]
CodeHeap 'non-nmethods': size=7488Kb used=4382Kb max_used=4425Kb free=3106Kb
 bounds [0x000002400b8f0000, 0x000002400bd50000, 0x000002400c040000]
 total_blobs=5919 nmethods=5069 adapters=751
 compilation: enabled
              stopped_count=0, restarted_count=0
 full_count=0

Compilation events (20 events):
Event: 9.953 Thread 0x0000024019038560 5311       3       jdk.internal.util.ReferencedKeySet::intern (9 bytes)
Event: 9.953 Thread 0x0000024019038560 nmethod 5311 0x0000024004ddc190 code [0x0000024004ddc360, 0x0000024004ddc578]
Event: 9.956 Thread 0x00000240195c0b70 5312       3       java.util.concurrent.ConcurrentHashMap::addCount (280 bytes)
Event: 9.957 Thread 0x00000240195c0b70 nmethod 5312 0x0000024004ddc690 code [0x0000024004ddc8e0, 0x0000024004ddd1d0]
Event: 10.015 Thread 0x00000240182ab930 5314       3       com.google.common.cache.LocalCache$Segment::postReadCleanup (18 bytes)
Event: 10.016 Thread 0x00000240182ab930 nmethod 5314 0x0000024004ddd510 code [0x0000024004ddd6e0, 0x0000024004ddd8b8]
Event: 10.016 Thread 0x0000024019038560 5315       3       sun.reflect.generics.parser.SignatureParser::parseFormalParameters (49 bytes)
Event: 10.016 Thread 0x00000240182ab930 5317       3       sun.reflect.generics.tree.MethodTypeSignature::make (12 bytes)
Event: 10.016 Thread 0x00000240195c0b70 5316       3       sun.reflect.generics.parser.SignatureParser::parseZeroOrMoreThrowsSignatures (51 bytes)
Event: 10.016 Thread 0x00000240182ab930 nmethod 5317 0x0000024004ddd990 code [0x0000024004dddb40, 0x0000024004dddeb0]
Event: 10.016 Thread 0x0000024019038560 nmethod 5315 0x0000024004dddf90 code [0x0000024004dde1a0, 0x0000024004dde4a8]
Event: 10.017 Thread 0x00000240195c0b70 nmethod 5316 0x0000024004dde610 code [0x0000024004dde860, 0x0000024004ddf0a0]
Event: 10.018 Thread 0x00000240182ab930 5318       3       jdk.internal.reflect.ClassFileAssembler::emitShort (24 bytes)
Event: 10.018 Thread 0x0000024019038560 5319       3       jdk.internal.reflect.ClassFileAssembler::cpi (22 bytes)
Event: 10.018 Thread 0x00000240182ab930 nmethod 5318 0x0000024004ddf390 code [0x0000024004ddf560, 0x0000024004ddf850]
Event: 10.018 Thread 0x0000024019038560 nmethod 5319 0x0000024004ddfa10 code [0x0000024004ddfbc0, 0x0000024004ddfdc8]
Event: 11.071 Thread 0x00000240195c0b70 5321       3       org.gradle.internal.snapshot.ChildMap$Entry::handleAncestorDescendantOrExactMatch (110 bytes)
Event: 11.071 Thread 0x00000240182ab930 5322       3       org.gradle.internal.snapshot.VfsRelativePath::hasPrefix (15 bytes)
Event: 11.072 Thread 0x00000240182ab930 nmethod 5322 0x0000024004ddfe90 code [0x0000024004de0040, 0x0000024004de0190]
Event: 11.072 Thread 0x00000240195c0b70 nmethod 5321 0x0000024004de0290 code [0x0000024004de0600, 0x0000024004de1a98]

GC Heap History (20 events):
Event: 2.309 GC heap before
{Heap before GC invocations=2 (full 0):
 garbage-first heap   total 382976K, used 63329K [0x0000000080000000, 0x0000000100000000)
  region size 1024K, 55 young (56320K), 5 survivors (5120K)
 Metaspace       used 15980K, committed 16256K, reserved 1114112K
  class space    used 1807K, committed 1920K, reserved 1048576K
}
Event: 2.315 GC heap after
{Heap after GC invocations=3 (full 0):
 garbage-first heap   total 382976K, used 17847K [0x0000000080000000, 0x0000000100000000)
  region size 1024K, 7 young (7168K), 7 survivors (7168K)
 Metaspace       used 15980K, committed 16256K, reserved 1114112K
  class space    used 1807K, committed 1920K, reserved 1048576K
}
Event: 2.825 GC heap before
{Heap before GC invocations=3 (full 0):
 garbage-first heap   total 382976K, used 38327K [0x0000000080000000, 0x0000000100000000)
  region size 1024K, 28 young (28672K), 7 survivors (7168K)
 Metaspace       used 21225K, committed 21504K, reserved 1114112K
  class space    used 2469K, committed 2624K, reserved 1048576K
}
Event: 2.829 GC heap after
{Heap after GC invocations=4 (full 0):
 garbage-first heap   total 382976K, used 19996K [0x0000000080000000, 0x0000000100000000)
  region size 1024K, 10 young (10240K), 10 survivors (10240K)
 Metaspace       used 21225K, committed 21504K, reserved 1114112K
  class space    used 2469K, committed 2624K, reserved 1048576K
}
Event: 3.726 GC heap before
{Heap before GC invocations=5 (full 0):
 garbage-first heap   total 71680K, used 51740K [0x0000000080000000, 0x0000000100000000)
  region size 1024K, 42 young (43008K), 10 survivors (10240K)
 Metaspace       used 26971K, committed 27520K, reserved 1114112K
  class space    used 3349K, committed 3584K, reserved 1048576K
}
Event: 3.732 GC heap after
{Heap after GC invocations=6 (full 0):
 garbage-first heap   total 71680K, used 21749K [0x0000000080000000, 0x0000000100000000)
  region size 1024K, 4 young (4096K), 4 survivors (4096K)
 Metaspace       used 26971K, committed 27520K, reserved 1114112K
  class space    used 3349K, committed 3584K, reserved 1048576K
}
Event: 4.730 GC heap before
{Heap before GC invocations=6 (full 0):
 garbage-first heap   total 71680K, used 56565K [0x0000000080000000, 0x0000000100000000)
  region size 1024K, 39 young (39936K), 4 survivors (4096K)
 Metaspace       used 31659K, committed 32320K, reserved 1114112K
  class space    used 4172K, committed 4480K, reserved 1048576K
}
Event: 4.734 GC heap after
{Heap after GC invocations=7 (full 0):
 garbage-first heap   total 71680K, used 23996K [0x0000000080000000, 0x0000000100000000)
  region size 1024K, 5 young (5120K), 5 survivors (5120K)
 Metaspace       used 31659K, committed 32320K, reserved 1114112K
  class space    used 4172K, committed 4480K, reserved 1048576K
}
Event: 5.310 GC heap before
{Heap before GC invocations=7 (full 0):
 garbage-first heap   total 71680K, used 47548K [0x0000000080000000, 0x0000000100000000)
  region size 1024K, 30 young (30720K), 5 survivors (5120K)
 Metaspace       used 35289K, committed 36096K, reserved 1114112K
  class space    used 4771K, committed 5184K, reserved 1048576K
}
Event: 5.313 GC heap after
{Heap after GC invocations=8 (full 0):
 garbage-first heap   total 71680K, used 25825K [0x0000000080000000, 0x0000000100000000)
  region size 1024K, 5 young (5120K), 5 survivors (5120K)
 Metaspace       used 35289K, committed 36096K, reserved 1114112K
  class space    used 4771K, committed 5184K, reserved 1048576K
}
Event: 6.292 GC heap before
{Heap before GC invocations=9 (full 0):
 garbage-first heap   total 71680K, used 60641K [0x0000000080000000, 0x0000000100000000)
  region size 1024K, 39 young (39936K), 5 survivors (5120K)
 Metaspace       used 42586K, committed 43456K, reserved 1114112K
  class space    used 5738K, committed 6144K, reserved 1048576K
}
Event: 6.298 GC heap after
{Heap after GC invocations=10 (full 0):
 garbage-first heap   total 71680K, used 29298K [0x0000000080000000, 0x0000000100000000)
  region size 1024K, 5 young (5120K), 5 survivors (5120K)
 Metaspace       used 42586K, committed 43456K, reserved 1114112K
  class space    used 5738K, committed 6144K, reserved 1048576K
}
Event: 6.708 GC heap before
{Heap before GC invocations=10 (full 0):
 garbage-first heap   total 71680K, used 61042K [0x0000000080000000, 0x0000000100000000)
  region size 1024K, 37 young (37888K), 5 survivors (5120K)
 Metaspace       used 44659K, committed 45632K, reserved 1114112K
  class space    used 5981K, committed 6464K, reserved 1048576K
}
Event: 6.712 GC heap after
{Heap after GC invocations=11 (full 0):
 garbage-first heap   total 71680K, used 32077K [0x0000000080000000, 0x0000000100000000)
  region size 1024K, 3 young (3072K), 3 survivors (3072K)
 Metaspace       used 44659K, committed 45632K, reserved 1114112K
  class space    used 5981K, committed 6464K, reserved 1048576K
}
Event: 6.797 GC heap before
{Heap before GC invocations=11 (full 0):
 garbage-first heap   total 71680K, used 39245K [0x0000000080000000, 0x0000000100000000)
  region size 1024K, 8 young (8192K), 3 survivors (3072K)
 Metaspace       used 45038K, committed 46016K, reserved 1114112K
  class space    used 6023K, committed 6464K, reserved 1048576K
}
Event: 6.800 GC heap after
{Heap after GC invocations=12 (full 0):
 garbage-first heap   total 71680K, used 33910K [0x0000000080000000, 0x0000000100000000)
  region size 1024K, 3 young (3072K), 3 survivors (3072K)
 Metaspace       used 45038K, committed 46016K, reserved 1114112K
  class space    used 6023K, committed 6464K, reserved 1048576K
}
Event: 8.798 GC heap before
{Heap before GC invocations=12 (full 0):
 garbage-first heap   total 71680K, used 64630K [0x0000000080000000, 0x0000000100000000)
  region size 1024K, 31 young (31744K), 3 survivors (3072K)
 Metaspace       used 49120K, committed 50304K, reserved 1114112K
  class space    used 6576K, committed 7168K, reserved 1048576K
}
Event: 8.800 GC heap after
{Heap after GC invocations=13 (full 0):
 garbage-first heap   total 71680K, used 34166K [0x0000000080000000, 0x0000000100000000)
  region size 1024K, 3 young (3072K), 3 survivors (3072K)
 Metaspace       used 49120K, committed 50304K, reserved 1114112K
  class space    used 6576K, committed 7168K, reserved 1048576K
}
Event: 9.431 GC heap before
{Heap before GC invocations=13 (full 0):
 garbage-first heap   total 71680K, used 63862K [0x0000000080000000, 0x0000000100000000)
  region size 1024K, 32 young (32768K), 3 survivors (3072K)
 Metaspace       used 52881K, committed 54272K, reserved 1114112K
  class space    used 7195K, committed 7872K, reserved 1048576K
}
Event: 9.436 GC heap after
{Heap after GC invocations=14 (full 0):
 garbage-first heap   total 71680K, used 35919K [0x0000000080000000, 0x0000000100000000)
  region size 1024K, 4 young (4096K), 4 survivors (4096K)
 Metaspace       used 52881K, committed 54272K, reserved 1114112K
  class space    used 7195K, committed 7872K, reserved 1048576K
}

Dll operation events (3 events):
Event: 0.017 Loaded shared library C:\Program Files\Android\Android Studio1\jbr\bin\java.dll
Event: 0.024 Loaded shared library C:\Program Files\Android\Android Studio1\jbr\bin\zip.dll
Event: 0.834 Loaded shared library C:\Program Files\Android\Android Studio1\jbr\bin\verify.dll

Deoptimization events (20 events):
Event: 9.927 Thread 0x000002402079d060 Uncommon trap: trap_request=0xffffff45 fr.pc=0x000002400c180094 relative=0x0000000000000c14
Event: 9.927 Thread 0x000002402079fe50 Uncommon trap: trap_request=0xffffff45 fr.pc=0x000002400c180094 relative=0x0000000000000c14
Event: 9.927 Thread 0x000002402079d060 Uncommon trap: reason=unstable_if action=reinterpret pc=0x000002400c180094 method=java.util.concurrent.ConcurrentHashMap.putVal(Ljava/lang/Object;Ljava/lang/Object;Z)Ljava/lang/Object; @ 97 c2
Event: 9.927 Thread 0x000002402079fe50 Uncommon trap: reason=unstable_if action=reinterpret pc=0x000002400c180094 method=java.util.concurrent.ConcurrentHashMap.putVal(Ljava/lang/Object;Ljava/lang/Object;Z)Ljava/lang/Object; @ 97 c2
Event: 9.927 Thread 0x000002402079d060 DEOPT PACKING pc=0x000002400c180094 sp=0x0000008ff85fd250
Event: 9.927 Thread 0x000002402079fe50 DEOPT PACKING pc=0x000002400c180094 sp=0x0000008ff89fd520
Event: 9.927 Thread 0x000002402079d060 DEOPT UNPACKING pc=0x000002400b9446a2 sp=0x0000008ff85fd1d8 mode 2
Event: 9.927 Thread 0x000002402079fe50 DEOPT UNPACKING pc=0x000002400b9446a2 sp=0x0000008ff89fd4a8 mode 2
Event: 9.935 Thread 0x000002401f29f1e0 Uncommon trap: trap_request=0xffffff45 fr.pc=0x000002400c106eac relative=0x000000000000016c
Event: 9.935 Thread 0x000002401f29f1e0 Uncommon trap: reason=unstable_if action=reinterpret pc=0x000002400c106eac method=java.util.concurrent.ConcurrentHashMap.addCount(JI)V @ 34 c2
Event: 9.935 Thread 0x000002401f29f1e0 DEOPT PACKING pc=0x000002400c106eac sp=0x0000008ff71f4880
Event: 9.935 Thread 0x000002401f29f1e0 DEOPT UNPACKING pc=0x000002400b9446a2 sp=0x0000008ff71f47c0 mode 2
Event: 9.936 Thread 0x000002402079fe50 Uncommon trap: trap_request=0xffffff54 fr.pc=0x000002400c1bada0 relative=0x0000000000005b40
Event: 9.936 Thread 0x000002402079fe50 Uncommon trap: reason=speculate_null_assert action=make_not_entrant pc=0x000002400c1bada0 method=jdk.internal.util.ReferencedKeyMap.existingKey(Ljdk/internal/util/ReferencedKeyMap;Ljava/lang/Object;)Ljava/lang/Object; @ 18 c2
Event: 9.936 Thread 0x000002402079fe50 DEOPT PACKING pc=0x000002400c1bada0 sp=0x0000008ff89fd190
Event: 9.936 Thread 0x000002402079fe50 DEOPT UNPACKING pc=0x000002400b9446a2 sp=0x0000008ff89fd070 mode 2
Event: 9.956 Thread 0x000002401f29f1e0 Uncommon trap: trap_request=0xffffffde fr.pc=0x000002400c16e18c relative=0x00000000000002ac
Event: 9.956 Thread 0x000002401f29f1e0 Uncommon trap: reason=class_check action=maybe_recompile pc=0x000002400c16e18c method=java.util.Collections$SetFromMap.remove(Ljava/lang/Object;)Z @ 5 c2
Event: 9.956 Thread 0x000002401f29f1e0 DEOPT PACKING pc=0x000002400c16e18c sp=0x0000008ff71f70b0
Event: 9.956 Thread 0x000002401f29f1e0 DEOPT UNPACKING pc=0x000002400b9446a2 sp=0x0000008ff71f7098 mode 2

Classes loaded (20 events):
Event: 9.855 Loading class jdk/internal/reflect/UTF8
Event: 9.855 Loading class jdk/internal/reflect/UTF8 done
Event: 9.856 Loading class jdk/internal/reflect/Label
Event: 9.856 Loading class jdk/internal/reflect/Label done
Event: 9.856 Loading class jdk/internal/reflect/Label$PatchInfo
Event: 9.856 Loading class jdk/internal/reflect/Label$PatchInfo done
Event: 9.856 Loading class jdk/internal/reflect/MethodAccessorGenerator$1
Event: 9.856 Loading class jdk/internal/reflect/MethodAccessorGenerator$1 done
Event: 9.856 Loading class jdk/internal/reflect/ClassDefiner
Event: 9.856 Loading class jdk/internal/reflect/ClassDefiner done
Event: 9.856 Loading class jdk/internal/reflect/ClassDefiner$1
Event: 9.857 Loading class jdk/internal/reflect/ClassDefiner$1 done
Event: 9.857 Loading class jdk/internal/reflect/SerializationConstructorAccessorImpl
Event: 9.857 Loading class jdk/internal/reflect/SerializationConstructorAccessorImpl done
Event: 9.929 Loading class java/nio/channels/Channels
Event: 9.929 Loading class java/nio/channels/Channels done
Event: 9.929 Loading class sun/nio/ch/Streams
Event: 9.929 Loading class sun/nio/ch/Streams done
Event: 9.929 Loading class sun/nio/ch/ChannelInputStream
Event: 9.930 Loading class sun/nio/ch/ChannelInputStream done

Classes unloaded (0 events):
No events

Classes redefined (0 events):
No events

Internal exceptions (20 events):
Event: 9.230 Thread 0x000002401f29f1e0 Exception <a 'java/lang/NoSuchMethodError'{0x0000000083316030}: 'int java.lang.invoke.DirectMethodHandle$Holder.invokeInterface(java.lang.Object, java.lang.Object, java.lang.Object, java.lang.Object)'> (0x0000000083316030) 
thrown [s\src\hotspot\share\interpreter\linkResolver.cpp, line 784]
Event: 9.290 Thread 0x000002401f29f1e0 Exception <a 'java/lang/NoSuchMethodError'{0x00000000831ee0f0}: 'java.lang.Object java.lang.invoke.Invokers$Holder.linkToTargetMethod(java.lang.Object, java.lang.Object, java.lang.Object, java.lang.Object, long, java.lang.Object, java.lang.Object)'> (0x00000000831ee0f0) 
thrown [s\src\hotspot\share\interpreter\linkResolver.cpp, line 784]
Event: 9.294 Thread 0x000002401f29f1e0 Exception <a 'java/lang/NoSuchMethodError'{0x0000000083033930}: 'java.lang.Object java.lang.invoke.DirectMethodHandle$Holder.newInvokeSpecial(java.lang.Object, java.lang.Object, java.lang.Object, long, java.lang.Object)'> (0x0000000083033930) 
thrown [s\src\hotspot\share\interpreter\linkResolver.cpp, line 784]
Event: 9.294 Thread 0x000002401f29f1e0 Exception <a 'java/lang/NoSuchMethodError'{0x00000000830387d8}: 'java.lang.Object java.lang.invoke.DirectMethodHandle$Holder.invokeSpecial(java.lang.Object, java.lang.Object, java.lang.Object, java.lang.Object, long, java.lang.Object)'> (0x00000000830387d8) 
thrown [s\src\hotspot\share\interpreter\linkResolver.cpp, line 784]
Event: 9.294 Thread 0x000002401f29f1e0 Exception <a 'java/lang/NoSuchMethodError'{0x000000008303cd10}: 'java.lang.Object java.lang.invoke.Invokers$Holder.linkToTargetMethod(java.lang.Object, java.lang.Object, long, java.lang.Object, java.lang.Object)'> (0x000000008303cd10) 
thrown [s\src\hotspot\share\interpreter\linkResolver.cpp, line 784]
Event: 9.328 Thread 0x000002401f29f1e0 Exception <a 'java/lang/NoSuchMethodError'{0x0000000082e962d0}: 'java.lang.Object java.lang.invoke.DirectMethodHandle$Holder.newInvokeSpecial(java.lang.Object, java.lang.Object, java.lang.Object, java.lang.Object, java.lang.Object, java.lang.Object, java.lang.Object, java.lang.Object, java.lang.Object, java.lang.Object, java.lang.Object, java.lang.Object, java.lang.Object, java.lang.Object, java.lang.Object, java.lang.Object, java.lang.Object, java.lang.Object, java.lang.Object, java.lang.Object, java.lang
Event: 9.368 Thread 0x000002401f29f1e0 Implicit null exception at 0x000002400c0e4b7c to 0x000002400c0e4c2c
Event: 9.387 Thread 0x000002401f29f1e0 Exception <a 'java/lang/ClassNotFoundException'{0x0000000082a814f8}: org/gradle/api/internal/artifacts/dsl/dependencies/DefaultDependencyHandler_DecoratedBeanInfo> (0x0000000082a814f8) 
thrown [s\src\hotspot\share\classfile\systemDictionary.cpp, line 312]
Event: 9.387 Thread 0x000002401f29f1e0 Exception <a 'java/lang/ClassNotFoundException'{0x0000000082a95238}: org/gradle/api/internal/artifacts/dsl/dependencies/DefaultDependencyHandlerBeanInfo> (0x0000000082a95238) 
thrown [s\src\hotspot\share\classfile\systemDictionary.cpp, line 312]
Event: 9.388 Thread 0x000002401f29f1e0 Exception <a 'java/lang/ClassNotFoundException'{0x0000000082aa8738}: org/gradle/api/internal/artifacts/dsl/dependencies/DefaultDependencyHandlerCustomizer> (0x0000000082aa8738) 
thrown [s\src\hotspot\share\classfile\systemDictionary.cpp, line 312]
Event: 9.391 Thread 0x000002401f29f1e0 Exception <a 'java/lang/ClassNotFoundException'{0x0000000082af02a8}: org/gradle/api/internal/artifacts/dsl/dependencies/DefaultDependencyHandler_DecoratedCustomizer> (0x0000000082af02a8) 
thrown [s\src\hotspot\share\classfile\systemDictionary.cpp, line 312]
Event: 9.394 Thread 0x000002401f29f1e0 Exception <a 'java/lang/ClassNotFoundException'{0x000000008292ff98}: ijJvmDebugger1_30dwoa3rpnrczn5cd9eno7c8j$_run_closure1BeanInfo> (0x000000008292ff98) 
thrown [s\src\hotspot\share\classfile\systemDictionary.cpp, line 312]
Event: 9.394 Thread 0x000002401f29f1e0 Exception <a 'java/lang/ClassNotFoundException'{0x0000000082936630}: ijJvmDebugger1_30dwoa3rpnrczn5cd9eno7c8j$_run_closure1Customizer> (0x0000000082936630) 
thrown [s\src\hotspot\share\classfile\systemDictionary.cpp, line 312]
Event: 9.528 Thread 0x000002401f29f1e0 Exception <a 'java/lang/NoSuchMethodError'{0x0000000095f19278}: 'java.lang.Object java.lang.invoke.DirectMethodHandle$Holder.newInvokeSpecial(java.lang.Object, int, java.lang.Object)'> (0x0000000095f19278) 
thrown [s\src\hotspot\share\interpreter\linkResolver.cpp, line 784]
Event: 9.621 Thread 0x000002401f29f1e0 Exception <a 'java/lang/NoSuchMethodError'{0x0000000095a45238}: 'java.lang.Object java.lang.invoke.DirectMethodHandle$Holder.newInvokeSpecial(java.lang.Object, java.lang.Object, java.lang.Object, int)'> (0x0000000095a45238) 
thrown [s\src\hotspot\share\interpreter\linkResolver.cpp, line 784]
Event: 9.621 Thread 0x000002401f29f1e0 Exception <a 'java/lang/NoSuchMethodError'{0x0000000095a495a0}: 'java.lang.Object java.lang.invoke.Invokers$Holder.linkToTargetMethod(java.lang.Object, java.lang.Object, int, java.lang.Object)'> (0x0000000095a495a0) 
thrown [s\src\hotspot\share\interpreter\linkResolver.cpp, line 784]
Event: 9.738 Thread 0x000002401f29f1e0 Exception <a 'java/lang/NoSuchMethodError'{0x000000009578c788}: 'java.lang.Object java.lang.invoke.DirectMethodHandle$Holder.invokeSpecial(java.lang.Object, java.lang.Object, long, java.lang.Object, java.lang.Object)'> (0x000000009578c788) 
thrown [s\src\hotspot\share\interpreter\linkResolver.cpp, line 784]
Event: 9.825 Thread 0x000002401f29f1e0 Exception <a 'java/lang/NoSuchMethodError'{0x000000008374ec88}: 'int java.lang.invoke.DirectMethodHandle$Holder.invokeInterface(java.lang.Object, java.lang.Object, java.lang.Object, java.lang.Object, java.lang.Object)'> (0x000000008374ec88) 
thrown [s\src\hotspot\share\interpreter\linkResolver.cpp, line 784]
Event: 9.861 Thread 0x000002401f29f1e0 Exception <a 'java/lang/NoSuchMethodError'{0x0000000083673780}: 'java.lang.Object java.lang.invoke.DirectMethodHandle$Holder.newInvokeSpecial(java.lang.Object, java.lang.Object, java.lang.Object, java.lang.Object, int, java.lang.Object)'> (0x0000000083673780) 
thrown [s\src\hotspot\share\interpreter\linkResolver.cpp, line 784]
Event: 9.861 Thread 0x000002401f29f1e0 Exception <a 'java/lang/NoSuchMethodError'{0x000000008367bd10}: 'java.lang.Object java.lang.invoke.Invokers$Holder.linkToTargetMethod(java.lang.Object, java.lang.Object, java.lang.Object, int, java.lang.Object, java.lang.Object)'> (0x000000008367bd10) 
thrown [s\src\hotspot\share\interpreter\linkResolver.cpp, line 784]

ZGC Phase Switch (0 events):
No events

VM Operations (20 events):
Event: 6.797 Executing VM operation: G1TryInitiateConcMark (G1 Humongous Allocation)
Event: 6.800 Executing VM operation: G1TryInitiateConcMark (G1 Humongous Allocation) done
Event: 7.166 Executing VM operation: HandshakeAllThreads (Deoptimize)
Event: 7.166 Executing VM operation: HandshakeAllThreads (Deoptimize) done
Event: 8.170 Executing VM operation: Cleanup
Event: 8.667 Executing VM operation: Cleanup done
Event: 8.798 Executing VM operation: G1CollectForAllocation (G1 Evacuation Pause)
Event: 8.800 Executing VM operation: G1CollectForAllocation (G1 Evacuation Pause) done
Event: 9.149 Executing VM operation: HandshakeAllThreads (Deoptimize)
Event: 9.149 Executing VM operation: HandshakeAllThreads (Deoptimize) done
Event: 9.228 Executing VM operation: HandshakeAllThreads (Deoptimize)
Event: 9.229 Executing VM operation: HandshakeAllThreads (Deoptimize) done
Event: 9.431 Executing VM operation: G1CollectForAllocation (G1 Evacuation Pause)
Event: 9.436 Executing VM operation: G1CollectForAllocation (G1 Evacuation Pause) done
Event: 9.696 Executing VM operation: HandshakeAllThreads (Deoptimize)
Event: 9.696 Executing VM operation: HandshakeAllThreads (Deoptimize) done
Event: 9.831 Executing VM operation: HandshakeAllThreads (Deoptimize)
Event: 9.831 Executing VM operation: HandshakeAllThreads (Deoptimize) done
Event: 10.845 Executing VM operation: Cleanup
Event: 10.845 Executing VM operation: Cleanup done

Memory protections (0 events):
No events

Nmethod flushes (20 events):
Event: 5.322 Thread 0x00000240182eeb40 flushing  nmethod 0x0000024004502f90
Event: 5.322 Thread 0x00000240182eeb40 flushing  nmethod 0x0000024004503b90
Event: 5.322 Thread 0x00000240182eeb40 flushing  nmethod 0x0000024004507890
Event: 5.322 Thread 0x00000240182eeb40 flushing  nmethod 0x0000024004508290
Event: 5.322 Thread 0x00000240182eeb40 flushing  nmethod 0x0000024004508c90
Event: 5.322 Thread 0x00000240182eeb40 flushing  nmethod 0x0000024004568410
Event: 5.322 Thread 0x00000240182eeb40 flushing  nmethod 0x0000024004568990
Event: 5.322 Thread 0x00000240182eeb40 flushing  nmethod 0x0000024004568e90
Event: 5.322 Thread 0x00000240182eeb40 flushing  nmethod 0x0000024004569f90
Event: 5.322 Thread 0x00000240182eeb40 flushing  nmethod 0x0000024004666190
Event: 5.322 Thread 0x00000240182eeb40 flushing  nmethod 0x00000240046e7e10
Event: 5.322 Thread 0x00000240182eeb40 flushing  nmethod 0x00000240046e8d10
Event: 5.322 Thread 0x00000240182eeb40 flushing  nmethod 0x00000240046eaf90
Event: 5.322 Thread 0x00000240182eeb40 flushing  nmethod 0x00000240046eb610
Event: 5.322 Thread 0x00000240182eeb40 flushing  nmethod 0x00000240046f1190
Event: 5.322 Thread 0x00000240182eeb40 flushing  nmethod 0x000002400479bf90
Event: 5.322 Thread 0x00000240182eeb40 flushing  nmethod 0x00000240047a6a10
Event: 5.322 Thread 0x00000240182eeb40 flushing  nmethod 0x0000024004820810
Event: 5.322 Thread 0x00000240182eeb40 flushing  nmethod 0x0000024004821210
Event: 5.322 Thread 0x00000240182eeb40 flushing  nmethod 0x0000024004822590

Events (20 events):
Event: 6.558 Thread 0x0000024019038560 Thread added: 0x00000240195c1910
Event: 6.558 Thread 0x0000024019038560 Thread added: 0x00000240195bf700
Event: 6.651 Thread 0x000002401f29f1e0 Thread added: 0x0000024020798830
Event: 6.680 Thread 0x000002401f29f1e0 Thread added: 0x000002402079c340
Event: 6.931 Thread 0x000002401f29f1e0 Thread added: 0x0000024020799be0
Event: 7.355 Thread 0x00000240195bf700 Thread exited: 0x00000240195bf700
Event: 7.400 Thread 0x00000240195bfdd0 Thread exited: 0x00000240195bfdd0
Event: 7.400 Thread 0x00000240195c1910 Thread exited: 0x00000240195c1910
Event: 7.409 Thread 0x000002401950db80 Thread exited: 0x000002401950db80
Event: 7.594 Thread 0x0000024019038560 Thread added: 0x0000024022899730
Event: 7.872 Thread 0x0000024022899730 Thread exited: 0x0000024022899730
Event: 8.710 Thread 0x000002401f29f1e0 Thread added: 0x0000024020798ec0
Event: 8.816 Thread 0x000002401f29f1e0 Thread added: 0x000002402079e410
Event: 9.479 Thread 0x0000024019038560 Thread added: 0x000002402289c010
Event: 9.691 Thread 0x000002402289c010 Thread exited: 0x000002402289c010
Event: 9.899 Thread 0x000002401f29f1e0 Thread added: 0x000002402079c9d0
Event: 9.903 Thread 0x000002401f29f1e0 Thread added: 0x000002402079d060
Event: 9.906 Thread 0x000002401f29f1e0 Thread added: 0x000002402079fe50
Event: 9.908 Thread 0x000002401f29f1e0 Thread added: 0x000002402079eaa0
Event: 9.929 Thread 0x0000024019038560 Thread added: 0x000002402289c6e0


Dynamic libraries:
0x00007ff72a2d0000 - 0x00007ff72a2da000 	C:\Program Files\Android\Android Studio1\jbr\bin\java.exe
0x00007ffd97dc0000 - 0x00007ffd98029000 	C:\WINDOWS\SYSTEM32\ntdll.dll
0x00007ffd96de0000 - 0x00007ffd96ea9000 	C:\WINDOWS\System32\KERNEL32.DLL
0x00007ffd95280000 - 0x00007ffd95673000 	C:\WINDOWS\System32\KERNELBASE.dll
0x00007ffd92170000 - 0x00007ffd9220e000 	C:\WINDOWS\SYSTEM32\apphelp.dll
0x00007ffd94f50000 - 0x00007ffd9509b000 	C:\WINDOWS\System32\ucrtbase.dll
0x00007ffd8ea10000 - 0x00007ffd8ea2b000 	C:\Program Files\Android\Android Studio1\jbr\bin\VCRUNTIME140.dll
0x00007ffd7b770000 - 0x00007ffd7b788000 	C:\Program Files\Android\Android Studio1\jbr\bin\jli.dll
0x00007ffd97300000 - 0x00007ffd974c4000 	C:\WINDOWS\System32\USER32.dll
0x00007ffd7ddd0000 - 0x00007ffd7e063000 	C:\WINDOWS\WinSxS\amd64_microsoft.windows.common-controls_6595b64144ccf1df_6.0.26100.5074_none_3e0d6f78e32fd63f\COMCTL32.dll
0x00007ffd95b60000 - 0x00007ffd95b87000 	C:\WINDOWS\System32\win32u.dll
0x00007ffd970a0000 - 0x00007ffd97149000 	C:\WINDOWS\System32\msvcrt.dll
0x00007ffd978a0000 - 0x00007ffd978cb000 	C:\WINDOWS\System32\GDI32.dll
0x00007ffd95a30000 - 0x00007ffd95b5d000 	C:\WINDOWS\System32\gdi32full.dll
0x00007ffd950a0000 - 0x00007ffd95143000 	C:\WINDOWS\System32\msvcp_win.dll
0x00007ffd96b90000 - 0x00007ffd96bbf000 	C:\WINDOWS\System32\IMM32.DLL
0x00007ffd920e0000 - 0x00007ffd920ec000 	C:\Program Files\Android\Android Studio1\jbr\bin\vcruntime140_1.dll
0x00007ffd55210000 - 0x00007ffd5529d000 	C:\Program Files\Android\Android Studio1\jbr\bin\msvcp140.dll
0x00007ffd52ed0000 - 0x00007ffd53b5e000 	C:\Program Files\Android\Android Studio1\jbr\bin\server\jvm.dll
0x00007ffd96110000 - 0x00007ffd961c4000 	C:\WINDOWS\System32\ADVAPI32.dll
0x00007ffd969a0000 - 0x00007ffd96a46000 	C:\WINDOWS\System32\sechost.dll
0x00007ffd97a40000 - 0x00007ffd97b58000 	C:\WINDOWS\System32\RPCRT4.dll
0x00007ffd978d0000 - 0x00007ffd97944000 	C:\WINDOWS\System32\WS2_32.dll
0x00007ffd94d00000 - 0x00007ffd94d5e000 	C:\WINDOWS\SYSTEM32\POWRPROF.dll
0x00007ffd8e5b0000 - 0x00007ffd8e5bb000 	C:\WINDOWS\SYSTEM32\VERSION.dll
0x00007ffd88bb0000 - 0x00007ffd88be5000 	C:\WINDOWS\SYSTEM32\WINMM.dll
0x00007ffd94ce0000 - 0x00007ffd94cf4000 	C:\WINDOWS\SYSTEM32\UMPDC.dll
0x00007ffd93c90000 - 0x00007ffd93cab000 	C:\WINDOWS\SYSTEM32\kernel.appcore.dll
0x00007ffd8ff70000 - 0x00007ffd8ff7a000 	C:\Program Files\Android\Android Studio1\jbr\bin\jimage.dll
0x00007ffd8a1f0000 - 0x00007ffd8a432000 	C:\WINDOWS\SYSTEM32\DBGHELP.DLL
0x00007ffd97520000 - 0x00007ffd9789b000 	C:\WINDOWS\System32\combase.dll
0x00007ffd97960000 - 0x00007ffd97a37000 	C:\WINDOWS\System32\OLEAUT32.dll
0x00007ffd72160000 - 0x00007ffd7219d000 	C:\WINDOWS\SYSTEM32\dbgcore.DLL
0x00007ffd95150000 - 0x00007ffd951e9000 	C:\WINDOWS\System32\bcryptPrimitives.dll
0x00007ffd82db0000 - 0x00007ffd82dbe000 	C:\Program Files\Android\Android Studio1\jbr\bin\instrument.dll
0x00007ffd8ddf0000 - 0x00007ffd8de10000 	C:\Program Files\Android\Android Studio1\jbr\bin\java.dll
0x00007ffd8ddd0000 - 0x00007ffd8dde8000 	C:\Program Files\Android\Android Studio1\jbr\bin\zip.dll
0x00007ffd961d0000 - 0x00007ffd9691d000 	C:\WINDOWS\System32\SHELL32.dll
0x00007ffd95740000 - 0x00007ffd958ac000 	C:\WINDOWS\System32\wintypes.dll
0x00007ffd92b90000 - 0x00007ffd933e9000 	C:\WINDOWS\SYSTEM32\windows.storage.dll
0x00007ffd97c70000 - 0x00007ffd97d60000 	C:\WINDOWS\System32\SHCORE.dll
0x00007ffd95b90000 - 0x00007ffd95bf2000 	C:\WINDOWS\System32\shlwapi.dll
0x00007ffd94e70000 - 0x00007ffd94e99000 	C:\WINDOWS\SYSTEM32\profapi.dll
0x00007ffd8eca0000 - 0x00007ffd8ecb0000 	C:\Program Files\Android\Android Studio1\jbr\bin\net.dll
0x00007ffd8ce90000 - 0x00007ffd8cfaf000 	C:\WINDOWS\SYSTEM32\WINHTTP.dll
0x00007ffd94250000 - 0x00007ffd942bb000 	C:\WINDOWS\system32\mswsock.dll
0x00007ffd8d770000 - 0x00007ffd8d786000 	C:\Program Files\Android\Android Studio1\jbr\bin\nio.dll
0x00007ffd8d2e0000 - 0x00007ffd8d2f0000 	C:\Program Files\Android\Android Studio1\jbr\bin\verify.dll
0x00007ffd82b40000 - 0x00007ffd82b67000 	C:\Users\Damian\.gradle\native\1def1411415f61bf3af743bc5b6707747c0891f09f0c88961ee8f79bc544acac\windows-amd64\native-platform.dll
0x00007ffd36fb0000 - 0x00007ffd37028000 	C:\Users\Damian\.gradle\native\0.2.7\x86_64-windows-gnu\gradle-fileevents.dll
0x00007ffd8d2b0000 - 0x00007ffd8d2b9000 	C:\Program Files\Android\Android Studio1\jbr\bin\management.dll
0x00007ffd8d270000 - 0x00007ffd8d27b000 	C:\Program Files\Android\Android Studio1\jbr\bin\management_ext.dll
0x00007ffd97d70000 - 0x00007ffd97d78000 	C:\WINDOWS\System32\PSAPI.DLL
0x00007ffd936f0000 - 0x00007ffd93724000 	C:\WINDOWS\SYSTEM32\IPHLPAPI.DLL
0x00007ffd972f0000 - 0x00007ffd972fa000 	C:\WINDOWS\System32\NSI.dll
0x00007ffd8dda0000 - 0x00007ffd8dda9000 	C:\Program Files\Android\Android Studio1\jbr\bin\extnet.dll
0x00007ffd94620000 - 0x00007ffd9463b000 	C:\WINDOWS\SYSTEM32\CRYPTSP.dll
0x00007ffd93c50000 - 0x00007ffd93c8b000 	C:\WINDOWS\system32\rsaenh.dll
0x00007ffd942f0000 - 0x00007ffd9431b000 	C:\WINDOWS\SYSTEM32\USERENV.dll
0x00007ffd94e40000 - 0x00007ffd94e66000 	C:\WINDOWS\SYSTEM32\bcrypt.dll
0x00007ffd94480000 - 0x00007ffd9448c000 	C:\WINDOWS\SYSTEM32\CRYPTBASE.dll
0x00007ffd8ea90000 - 0x00007ffd8ea98000 	C:\WINDOWS\system32\wshunix.dll

dbghelp: loaded successfully - version: 4.0.5 - missing functions: none
symbol engine: initialized successfully - sym options: 0x614 - pdb path: .;C:\Program Files\Android\Android Studio1\jbr\bin;C:\WINDOWS\SYSTEM32;C:\WINDOWS\WinSxS\amd64_microsoft.windows.common-controls_6595b64144ccf1df_6.0.26100.5074_none_3e0d6f78e32fd63f;C:\Program Files\Android\Android Studio1\jbr\bin\server;C:\Users\Damian\.gradle\native\1def1411415f61bf3af743bc5b6707747c0891f09f0c88961ee8f79bc544acac\windows-amd64;C:\Users\Damian\.gradle\native\0.2.7\x86_64-windows-gnu

VM Arguments:
jvm_args: --add-opens=java.base/java.lang=ALL-UNNAMED --add-opens=java.base/java.lang.invoke=ALL-UNNAMED --add-opens=java.base/java.util=ALL-UNNAMED --add-opens=java.prefs/java.util.prefs=ALL-UNNAMED --add-exports=jdk.compiler/com.sun.tools.javac.api=ALL-UNNAMED --add-exports=jdk.compiler/com.sun.tools.javac.util=ALL-UNNAMED --add-opens=java.base/java.util=ALL-UNNAMED --add-opens=java.prefs/java.util.prefs=ALL-UNNAMED --add-opens=java.base/java.nio.charset=ALL-UNNAMED --add-opens=java.base/java.net=ALL-UNNAMED --add-opens=java.base/java.util.concurrent.atomic=ALL-UNNAMED --add-opens=java.xml/javax.xml.namespace=ALL-UNNAMED -Xmx2048m -Dfile.encoding=UTF-8 -Duser.country=PL -Duser.language=pl -Duser.variant -javaagent:C:\Users\Damian\.gradle\wrapper\dists\gradle-8.13-bin\5xuhj0ry160q40clulazy9h7d\gradle-8.13\lib\agents\gradle-instrumentation-agent-8.13.jar 
java_command: org.gradle.launcher.daemon.bootstrap.GradleDaemon 8.13
java_class_path (initial): C:\Users\Damian\.gradle\wrapper\dists\gradle-8.13-bin\5xuhj0ry160q40clulazy9h7d\gradle-8.13\lib\gradle-daemon-main-8.13.jar
Launcher Type: SUN_STANDARD

[Global flags]
     intx CICompilerCount                          = 12                                        {product} {ergonomic}
     uint ConcGCThreads                            = 3                                         {product} {ergonomic}
     uint G1ConcRefinementThreads                  = 13                                        {product} {ergonomic}
   size_t G1HeapRegionSize                         = 1048576                                   {product} {ergonomic}
    uintx GCDrainStackTargetSize                   = 64                                        {product} {ergonomic}
   size_t InitialHeapSize                          = 392167424                                 {product} {ergonomic}
   size_t MarkStackSize                            = 4194304                                   {product} {ergonomic}
   size_t MaxHeapSize                              = 2147483648                                {product} {command line}
   size_t MaxNewSize                               = 1287651328                                {product} {ergonomic}
   size_t MinHeapDeltaBytes                        = 1048576                                   {product} {ergonomic}
   size_t MinHeapSize                              = 8388608                                   {product} {ergonomic}
    uintx NonNMethodCodeHeapSize                   = 7602480                                {pd product} {ergonomic}
    uintx NonProfiledCodeHeapSize                  = 122027880                              {pd product} {ergonomic}
    uintx ProfiledCodeHeapSize                     = 122027880                              {pd product} {ergonomic}
    uintx ReservedCodeCacheSize                    = 251658240                              {pd product} {ergonomic}
     bool SegmentedCodeCache                       = true                                      {product} {ergonomic}
   size_t SoftMaxHeapSize                          = 2147483648                             {manageable} {ergonomic}
     bool UseCompressedOops                        = true                           {product lp64_product} {ergonomic}
     bool UseG1GC                                  = true                                      {product} {ergonomic}
     bool UseLargePagesIndividualAllocation        = false                                  {pd product} {ergonomic}

Logging:
Log output configuration:
 #0: stdout all=warning uptime,level,tags foldmultilines=false
 #1: stderr all=off uptime,level,tags foldmultilines=false

Environment Variables:
JAVA_HOME=C:\Program Files\Microsoft\jdk-17.0.11.9-hotspot\
PATH=C:\Program Files\Microsoft\jdk-17.0.11.9-hotspot\bin;C:\Program Files (x86)\Razer Chroma SDK\bin;C:\Program Files\Razer Chroma SDK\bin;C:\Program Files (x86)\Razer\ChromaBroadcast\bin;C:\Program Files\Razer\ChromaBroadcast\bin;C:\Windows\system32;C:\Windows;C:\Windows\System32\Wbem;C:\Windows\System32\WindowsPowerShell\v1.0\;C:\Windows\System32\OpenSSH\;C:\WINDOWS\system32;C:\WINDOWS;C:\WINDOWS\System32\Wbem;C:\WINDOWS\System32\WindowsPowerShell\v1.0\;C:\WINDOWS\System32\OpenSSH\;C:\WINDOWS\system32\config\systemprofile\AppData\Local\Microsoft\WindowsApps;C:\Program Files (x86)\NVIDIA Corporation\PhysX\Common;C:\Program Files\NVIDIA Corporation\NVIDIA app\NvDLISR;C:\ProgramData\chocolatey\bin;C:\Program Files\nodejs\;C:\Program Files\dotnet\;C:\WINDOWS\system32;C:\WINDOWS;C:\WINDOWS\System32\Wbem;C:\WINDOWS\System32\WindowsPowerShell\v1.0\;C:\WINDOWS\System32\OpenSSH\;C:\Program Files\Git\cmd;C:\Users\Damian\AppData\Local\Microsoft\WindowsApps;C:\Users\Damian\AppData\Local\Programs\Microsoft VS Code\bin;C:\Program Files\Azure Data Studio\bin;C:\Users\Damian\AppData\Roaming\npm;C:\Users\Damian\AppData\Local\Android\Sdk\platform-tools;C:\Users\Damian\.dotnet\tools;C:\Users\Damian\AppData\Local\JetBrains\Toolbox\scripts;;%USERPROFILE%\AppData\Local\Microsoft\WindowsApps
USERNAME=Damian
OS=Windows_NT
PROCESSOR_IDENTIFIER=AMD64 Family 23 Model 96 Stepping 1, AuthenticAMD
TMP=C:\Users\Damian\AppData\Local\Temp
TEMP=C:\Users\Damian\AppData\Local\Temp




Periodic native trim disabled

JNI global refs:
JNI global refs: 35, weak refs: 0

JNI global refs memory usage: 835, weak refs: 833

Process memory usage:
Resident Set Size: 261536K (1% of 24507716K total physical memory with 6058084K free physical memory)

OOME stack traces (most recent first):
Classloader memory used:
Loader org.gradle.internal.classloader.VisitableURLClassLoader                         : 26311K
Loader bootstrap                                                                       : 22105K
Loader org.gradle.initialization.MixInLegacyTypesClassLoader                           : 6292K
Loader jdk.internal.loader.ClassLoaders$PlatformClassLoader                            : 547K
Loader jdk.internal.loader.ClassLoaders$AppClassLoader                                 : 235K
Loader org.gradle.groovy.scripts.internal.DefaultScriptCompilationHandler$ScriptClassLoader: 35960B
Loader jdk.internal.reflect.DelegatingClassLoader                                      : 10560B
Loader org.codehaus.groovy.runtime.callsite.CallSiteClassLoader                        : 7200B

Classes loaded by more than one classloader:
Class org.gradle.internal.classloader.FilteringClassLoader                            : loaded 2 times (x 103B)
Class org.gradle.internal.classloader.ClassLoaderHierarchy                            : loaded 2 times (x 68B)
Class org.gradle.api.internal.classpath.ManifestUtil                                  : loaded 2 times (x 69B)
Class org.gradle.internal.classloader.DefaultClassLoaderFactory                       : loaded 2 times (x 80B)
Class org.gradle.internal.classloader.ClassLoaderVisitor                              : loaded 2 times (x 74B)
Class org.gradle.api.internal.classpath.EffectiveClassPath                            : loaded 2 times (x 88B)
Class org.gradle.api.internal.DefaultClassPathProvider                                : loaded 2 times (x 74B)
Class [Lorg.gradle.api.internal.ClassPathProvider;                                    : loaded 2 times (x 67B)
Class org.gradle.api.internal.ClassPathProvider                                       : loaded 2 times (x 68B)
Class org.gradle.internal.service.UnknownServiceException                             : loaded 2 times (x 81B)
Class org.gradle.internal.classpath.TransformedClassPath                              : loaded 2 times (x 94B)
Class org.gradle.internal.classloader.InstrumentingClassLoader                        : loaded 2 times (x 68B)
Class org.gradle.internal.service.ServiceLocator                                      : loaded 2 times (x 68B)
Class org.gradle.internal.InternalTransformer                                         : loaded 2 times (x 68B)
Class org.gradle.internal.classloader.ClasspathUtil$1                                 : loaded 2 times (x 74B)
Class org.gradle.api.internal.classpath.DefaultModuleRegistry$DefaultModule           : loaded 2 times (x 84B)
Class org.gradle.api.internal.classpath.Module                                        : loaded 2 times (x 68B)
Class org.gradle.api.internal.classpath.UnknownModuleException                        : loaded 2 times (x 80B)
Class org.gradle.api.internal.DefaultClassPathRegistry                                : loaded 2 times (x 74B)
Class org.gradle.api.internal.ClassPathRegistry                                       : loaded 2 times (x 68B)
Class org.gradle.internal.classpath.DefaultClassPath$ImmutableUniqueList              : loaded 2 times (x 197B)
Class org.gradle.internal.classpath.ClassPath                                         : loaded 2 times (x 68B)
Class org.gradle.api.UncheckedIOException                                             : loaded 2 times (x 80B)
Class org.gradle.internal.installation.GradleInstallation$1                           : loaded 2 times (x 73B)
Class org.gradle.api.internal.classpath.ModuleRegistry                                : loaded 2 times (x 68B)
Class org.gradle.api.internal.classpath.DefaultModuleRegistry                         : loaded 2 times (x 84B)
Class org.gradle.internal.service.ServiceLookupException                              : loaded 2 times (x 80B)
Class org.gradle.internal.classloader.ClassLoaderFactory                              : loaded 2 times (x 68B)
Class org.gradle.internal.service.CachingServiceLocator                               : loaded 2 times (x 80B)
Class org.gradle.internal.classloader.ClasspathUtil                                   : loaded 2 times (x 69B)
Class org.gradle.api.specs.Spec                                                       : loaded 2 times (x 68B)
Class org.gradle.internal.classloader.VisitableURLClassLoader$InstrumentingVisitableURLClassLoader: loaded 2 times (x 121B)
Class org.gradle.internal.classloader.VisitableURLClassLoader$Spec                    : loaded 2 times (x 72B)
Class org.gradle.internal.classpath.DefaultClassPath                                  : loaded 2 times (x 88B)
Class org.gradle.internal.classloader.ClassLoaderSpec                                 : loaded 2 times (x 69B)
Class org.gradle.internal.classloader.VisitableURLClassLoader                         : loaded 2 times (x 115B)
Class org.gradle.internal.Cast                                                        : loaded 2 times (x 69B)
Class org.gradle.api.Action                                                           : loaded 2 times (x 68B)
Class org.gradle.internal.classpath.DefaultClassPath$ImmutableUniqueList$Builder      : loaded 2 times (x 73B)
Class org.gradle.api.GradleException                                                  : loaded 2 times (x 80B)
Class org.gradle.internal.IoActions                                                   : loaded 2 times (x 69B)
Class org.gradle.internal.classloader.SystemClassLoaderSpec                           : loaded 2 times (x 69B)
Class org.gradle.api.internal.classpath.GlobalCacheRootsProvider                      : loaded 2 times (x 68B)
Class org.gradle.internal.installation.CurrentGradleInstallationLocator               : loaded 2 times (x 69B)
Class org.gradle.internal.service.DefaultServiceLocator                               : loaded 2 times (x 81B)
Class org.gradle.internal.installation.CurrentGradleInstallation                      : loaded 2 times (x 71B)
Class org.gradle.util.internal.GUtil                                                  : loaded 2 times (x 69B)
Class org.gradle.internal.installation.GradleInstallation                             : loaded 2 times (x 73B)

---------------  S Y S T E M  ---------------

OS:
 Windows 11 , 64 bit Build 26100 (10.0.26100.5074)
OS uptime: 2 days 22:10 hours
Hyper-V role detected

CPU: total 16 (initial active 16) (16 cores per cpu, 2 threads per core) family 23 model 96 stepping 1 microcode 0x8600106, cx8, cmov, fxsr, ht, mmx, 3dnowpref, sse, sse2, sse3, ssse3, sse4a, sse4.1, sse4.2, popcnt, lzcnt, tsc, tscinvbit, avx, avx2, aes, clmul, bmi1, bmi2, adx, sha, fma, vzeroupper, clflush, clflushopt, hv, rdtscp, rdpid, f16c
Processor Information for the first 16 processors :
  Max Mhz: 2900, Current Mhz: 2900, Mhz Limit: 2900

Memory: 4k page, system-wide physical 23933M (5908M free)
TotalPageFile size 36221M (AvailPageFile size 150M)
current process WorkingSet (physical memory assigned to process): 256M, peak: 283M
current process commit charge ("private bytes"): 300M, peak: 520M

vm_info: OpenJDK 64-Bit Server VM (21.0.7+-13880790-b1038.58) for windows-amd64 JRE (21.0.7+-13880790-b1038.58), built on 2025-08-04T20:56:21Z by "builder" with MS VC++ 16.10 / 16.11 (VS2019)

END.
